../chipDetection\bin\x64\Debug\myprocess.ilk
../chipDetection\bin\x64\Debug\myprocess.pdb
D:\CHIPDETECTION\CHIPDETECTION\CHIPDETECTION\BIN\X64\DEBUG\MYPROCESS.DLL
D:\ChipDetection\ChipDetection\chipDetection\bin\x64\Debug\myprocess.exp
D:\CHIPDETECTION\CHIPDETECTION\CHIPDETECTION\BIN\X64\DEBUG\MYPROCESS.ILK
D:\ChipDetection\ChipDetection\chipDetection\bin\x64\Debug\myprocess.lib
D:\CHIPDETECTION\CHIPDETECTION\CHIPDETECTION\BIN\X64\DEBUG\MYPROCESS.PDB
D:\ChipDetection\ChipDetection\myprocess\../chipDetection\bin\x64\Debug\myprocess.dll
D:\ChipDetection\ChipDetection\myprocess\Debug\cl.command.1.tlog
D:\ChipDetection\ChipDetection\myprocess\Debug\CL.read.1.tlog
D:\ChipDetection\ChipDetection\myprocess\Debug\CL.write.1.tlog
D:\CHIPDETECTION\CHIPDETECTION\MYPROCESS\DEBUG\DLLMAIN.OBJ
D:\ChipDetection\ChipDetection\myprocess\Debug\link.6340.read.1.tlog
D:\ChipDetection\ChipDetection\myprocess\Debug\link.6340.write.1.tlog
D:\ChipDetection\ChipDetection\myprocess\Debug\link.6340-cvtres.read.1.tlog
D:\ChipDetection\ChipDetection\myprocess\Debug\link.6340-cvtres.write.1.tlog
D:\ChipDetection\ChipDetection\myprocess\Debug\link.command.1.tlog
D:\ChipDetection\ChipDetection\myprocess\Debug\link.read.1.tlog
D:\ChipDetection\ChipDetection\myprocess\Debug\link.write.1.tlog
D:\ChipDetection\ChipDetection\myprocess\Debug\link-cvtres.read.1.tlog
D:\ChipDetection\ChipDetection\myprocess\Debug\link-cvtres.write.1.tlog
D:\ChipDetection\ChipDetection\myprocess\Debug\mt.command.1.tlog
D:\ChipDetection\ChipDetection\myprocess\Debug\mt.read.1.tlog
D:\ChipDetection\ChipDetection\myprocess\Debug\mt.write.1.tlog
D:\CHIPDETECTION\CHIPDETECTION\MYPROCESS\DEBUG\MYPROCESS.DLL.EMBED.MANIFEST
D:\CHIPDETECTION\CHIPDETECTION\MYPROCESS\DEBUG\MYPROCESS.DLL.EMBED.MANIFEST.RES
D:\CHIPDETECTION\CHIPDETECTION\MYPROCESS\DEBUG\MYPROCESS.DLL.INTERMEDIATE.MANIFEST
D:\CHIPDETECTION\CHIPDETECTION\MYPROCESS\DEBUG\MYPROCESS.OBJ
D:\CHIPDETECTION\CHIPDETECTION\MYPROCESS\DEBUG\MYPROCESS.PCH
D:\ChipDetection\ChipDetection\myprocess\Debug\myprocess.write.1.tlog
D:\ChipDetection\ChipDetection\myprocess\Debug\myprocess_manifest.rc
D:\ChipDetection\ChipDetection\myprocess\Debug\rc.command.1.tlog
D:\ChipDetection\ChipDetection\myprocess\Debug\rc.read.1.tlog
D:\ChipDetection\ChipDetection\myprocess\Debug\rc.write.1.tlog
D:\CHIPDETECTION\CHIPDETECTION\MYPROCESS\DEBUG\STDAFX.OBJ
D:\ChipDetection\ChipDetection\myprocess\Debug\vc100.idb
D:\CHIPDETECTION\CHIPDETECTION\MYPROCESS\DEBUG\VC100.PDB
