F:\条形码\V1\vision\myprocess\x64\Release\cl.command.1.tlog
F:\条形码\V1\vision\myprocess\x64\Release\CL.read.1.tlog
F:\条形码\V1\vision\myprocess\x64\Release\CL.write.1.tlog
F:\条形码\V1\VISION\MYPROCESS\X64\RELEASE\DLLMAIN.OBJ
F:\条形码\V1\vision\myprocess\x64\Release\link.command.1.tlog
F:\条形码\V1\vision\myprocess\x64\Release\link.read.1.tlog
F:\条形码\V1\vision\myprocess\x64\Release\link.write.1.tlog
F:\条形码\V1\vision\myprocess\x64\Release\mt.command.1.tlog
F:\条形码\V1\vision\myprocess\x64\Release\mt.read.1.tlog
F:\条形码\V1\vision\myprocess\x64\Release\mt.write.1.tlog
F:\条形码\V1\VISION\MYPROCESS\X64\RELEASE\MYPROCESS.DLL.INTERMEDIATE.MANIFEST
F:\条形码\V1\VISION\MYPROCESS\X64\RELEASE\MYPROCESS.OBJ
F:\条形码\V1\VISION\MYPROCESS\X64\RELEASE\MYPROCESS.PCH
F:\条形码\V1\vision\myprocess\x64\Release\myprocess.write.1.tlog
F:\条形码\V1\VISION\MYPROCESS\X64\RELEASE\STDAFX.OBJ
F:\条形码\V1\VISION\MYPROCESS\X64\RELEASE\VC100.PDB
F:\条形码\V1\VISION\X64\RELEASE\MYPROCESS.DLL
F:\条形码\V1\vision\x64\Release\myprocess.exp
F:\条形码\V1\vision\x64\Release\myprocess.lib
F:\条形码\V1\VISION\X64\RELEASE\MYPROCESS.PDB
