生成启动时间为 2017/12/28 0:17:27。
     1>项目“F:\条形码\V1\vision\myprocess\myprocess.vcxproj”在节点 2 上(rebuild 个目标)。
     1>_PrepareForClean:
         正在删除文件“x64\Release\myprocess.lastbuildstate”。
       InitializeBuildStatus:
         正在创建“x64\Release\myprocess.unsuccessfulbuild”，因为已指定“AlwaysCreate”。
       ClCompile:
         C:\Program Files (x86)\Microsoft Visual Studio 10.0\VC\bin\x86_amd64\CL.exe /c /Zi /nologo /W3 /WX- /O2 /Oi /GL /D WIN32 /D NDEBUG /D _WINDOWS /D _USRDLL /D MYPROCESS_EXPORTS /D _WINDLL /D _UNICODE /D UNICODE /Gm- /EHsc /MD /GS /Gy /fp:precise /Zc:wchar_t /Zc:forScope /Yc"StdAfx.h" /Fp"x64\Release\myprocess.pch" /Fo"x64\Release\\" /Fd"x64\Release\vc100.pdb" /Gd /TP /errorReport:prompt stdafx.cpp
         stdafx.cpp
         C:\Program Files (x86)\Microsoft Visual Studio 10.0\VC\bin\x86_amd64\CL.exe /c /Zi /nologo /W3 /WX- /O2 /Oi /GL /D WIN32 /D NDEBUG /D _WINDOWS /D _USRDLL /D MYPROCESS_EXPORTS /D _WINDLL /D _UNICODE /D UNICODE /Gm- /EHsc /MD /GS /Gy /fp:precise /Zc:wchar_t /Zc:forScope /Fo"x64\Release\\" /Fd"x64\Release\vc100.pdb" /Gd /TP /errorReport:prompt dllmain.cpp
         dllmain.cpp
         C:\Program Files (x86)\Microsoft Visual Studio 10.0\VC\bin\x86_amd64\CL.exe /c /Zi /nologo /W3 /WX- /O2 /Oi /GL /D WIN32 /D NDEBUG /D _WINDOWS /D _USRDLL /D MYPROCESS_EXPORTS /D _WINDLL /D _UNICODE /D UNICODE /Gm- /EHsc /MD /GS /Gy /fp:precise /Zc:wchar_t /Zc:forScope /Yu"StdAfx.h" /Fp"x64\Release\myprocess.pch" /Fo"x64\Release\\" /Fd"x64\Release\vc100.pdb" /Gd /TP /errorReport:prompt myprocess.cpp
         myprocess.cpp
     1>myprocess.cpp(404): warning C4267: “return”: 从“size_t”转换到“int”，可能丢失数据
     1>myprocess.cpp(1223): warning C4267: “初始化”: 从“size_t”转换到“int”，可能丢失数据
       Link:
         C:\Program Files (x86)\Microsoft Visual Studio 10.0\VC\bin\x86_amd64\link.exe /ERRORREPORT:PROMPT /OUT:"F:\条形码\V1\vision\x64\Release\myprocess.dll" /INCREMENTAL:NO /NOLOGO halconc.lib kernel32.lib user32.lib gdi32.lib winspool.lib comdlg32.lib advapi32.lib shell32.lib ole32.lib oleaut32.lib uuid.lib odbc32.lib odbccp32.lib /MANIFEST /ManifestFile:"x64\Release\myprocess.dll.intermediate.manifest" /MANIFESTUAC:"level='asInvoker' uiAccess='false'" /DEBUG /PDB:"F:\条形码\V1\vision\x64\Release\myprocess.pdb" /SUBSYSTEM:WINDOWS /OPT:REF /OPT:ICF /LTCG /TLBID:1 /DYNAMICBASE /NXCOMPAT /IMPLIB:"F:\条形码\V1\vision\x64\Release\myprocess.lib" /MACHINE:X64 /DLL x64\Release\dllmain.obj
         x64\Release\myprocess.obj
         x64\Release\stdafx.obj
            正在创建库 F:\条形码\V1\vision\x64\Release\myprocess.lib 和对象 F:\条形码\V1\vision\x64\Release\myprocess.exp
         正在生成代码
         已完成代码的生成
         myprocess.vcxproj -> F:\条形码\V1\vision\x64\Release\myprocess.dll
       Manifest:
         C:\Program Files (x86)\Microsoft SDKs\Windows\v7.0A\bin\mt.exe /nologo /verbose /outputresource:"F:\条形码\V1\vision\x64\Release\myprocess.dll;#2" /manifest x64\Release\myprocess.dll.intermediate.manifest
       FinalizeBuildStatus:
         正在删除文件“x64\Release\myprocess.unsuccessfulbuild”。
         正在对“x64\Release\myprocess.lastbuildstate”执行 Touch 任务。
     1>已完成生成项目“F:\条形码\V1\vision\myprocess\myprocess.vcxproj”(rebuild 个目标)的操作。

生成成功。

已用时间 00:00:01.78
