../chipDetection\bin\x64\Debug\myprocess.ilk
../chipDetection\bin\x64\Debug\myprocess.pdb
F:\条形码\V1\VISION\CHIPDETECTION\BIN\X64\DEBUG\MYPROCESS.DLL
F:\条形码\V1\vision\chipDetection\bin\x64\Debug\myprocess.exp
F:\条形码\V1\VISION\CHIPDETECTION\BIN\X64\DEBUG\MYPROCESS.ILK
F:\条形码\V1\vision\chipDetection\bin\x64\Debug\myprocess.lib
F:\条形码\V1\VISION\CHIPDETECTION\BIN\X64\DEBUG\MYPROCESS.PDB
F:\条形码\V1\vision\myprocess\../chipDetection\bin\x64\Debug\myprocess.dll
F:\条形码\V1\vision\myprocess\x64\Debug\cl.command.1.tlog
F:\条形码\V1\vision\myprocess\x64\Debug\CL.read.1.tlog
F:\条形码\V1\vision\myprocess\x64\Debug\CL.write.1.tlog
F:\条形码\V1\VISION\MYPROCESS\X64\DEBUG\DLLMAIN.OBJ
F:\条形码\V1\vision\myprocess\x64\Debug\link.14944.read.1.tlog
F:\条形码\V1\vision\myprocess\x64\Debug\link.14944.write.1.tlog
F:\条形码\V1\vision\myprocess\x64\Debug\link.14944-cvtres.read.1.tlog
F:\条形码\V1\vision\myprocess\x64\Debug\link.14944-cvtres.write.1.tlog
F:\条形码\V1\vision\myprocess\x64\Debug\link.command.1.tlog
F:\条形码\V1\vision\myprocess\x64\Debug\link.read.1.tlog
F:\条形码\V1\vision\myprocess\x64\Debug\link.write.1.tlog
F:\条形码\V1\vision\myprocess\x64\Debug\link-cvtres.read.1.tlog
F:\条形码\V1\vision\myprocess\x64\Debug\link-cvtres.write.1.tlog
F:\条形码\V1\vision\myprocess\x64\Debug\mt.command.1.tlog
F:\条形码\V1\vision\myprocess\x64\Debug\mt.read.1.tlog
F:\条形码\V1\vision\myprocess\x64\Debug\mt.write.1.tlog
F:\条形码\V1\VISION\MYPROCESS\X64\DEBUG\MYPROCESS.DLL.EMBED.MANIFEST
F:\条形码\V1\VISION\MYPROCESS\X64\DEBUG\MYPROCESS.DLL.EMBED.MANIFEST.RES
F:\条形码\V1\VISION\MYPROCESS\X64\DEBUG\MYPROCESS.DLL.INTERMEDIATE.MANIFEST
F:\条形码\V1\VISION\MYPROCESS\X64\DEBUG\MYPROCESS.OBJ
F:\条形码\V1\VISION\MYPROCESS\X64\DEBUG\MYPROCESS.PCH
F:\条形码\V1\vision\myprocess\x64\Debug\myprocess.vcxprojResolveAssemblyReference.cache
F:\条形码\V1\vision\myprocess\x64\Debug\myprocess.write.1.tlog
F:\条形码\V1\vision\myprocess\x64\Debug\myprocess_manifest.rc
F:\条形码\V1\vision\myprocess\x64\Debug\rc.command.1.tlog
F:\条形码\V1\vision\myprocess\x64\Debug\rc.read.1.tlog
F:\条形码\V1\vision\myprocess\x64\Debug\rc.write.1.tlog
F:\条形码\V1\VISION\MYPROCESS\X64\DEBUG\STDAFX.OBJ
F:\条形码\V1\vision\myprocess\x64\Debug\vc100.idb
F:\条形码\V1\VISION\MYPROCESS\X64\DEBUG\VC100.PDB
