生成启动时间为 2017/12/28 0:17:43。
     1>项目“F:\条形码\V1\vision\myprocess\myprocess.vcxproj”在节点 2 上(rebuild 个目标)。
     1>_PrepareForClean:
         正在删除文件“x64\Debug\myprocess.lastbuildstate”。
     1>C:\Program Files (x86)\MSBuild\Microsoft.Cpp\v4.0\Microsoft.CppBuild.targets(299,5): warning MSB8004: Output 目录未以斜杠结尾。此生成实例将添加斜杠，因为必须有这个斜杠才能正确计算 Output 目录。
       InitializeBuildStatus:
         正在创建“x64\Debug\myprocess.unsuccessfulbuild”，因为已指定“AlwaysCreate”。
       ClCompile:
         C:\Program Files (x86)\Microsoft Visual Studio 10.0\VC\bin\x86_amd64\CL.exe /c /Zi /nologo /W3 /WX- /Od /D WIN32 /D _DEBUG /D _WINDOWS /D _USRDLL /D MYPROCESS_EXPORTS /D _WINDLL /D _UNICODE /D UNICODE /Gm /EHsc /RTC1 /MDd /GS /fp:precise /Zc:wchar_t /Zc:forScope /Yc"StdAfx.h" /Fp"x64\Debug\myprocess.pch" /Fo"x64\Debug\\" /Fd"x64\Debug\vc100.pdb" /Gd /TP /errorReport:prompt stdafx.cpp
         stdafx.cpp
         C:\Program Files (x86)\Microsoft Visual Studio 10.0\VC\bin\x86_amd64\CL.exe /c /Zi /nologo /W3 /WX- /Od /D WIN32 /D _DEBUG /D _WINDOWS /D _USRDLL /D MYPROCESS_EXPORTS /D _WINDLL /D _UNICODE /D UNICODE /Gm /EHsc /RTC1 /MDd /GS /fp:precise /Zc:wchar_t /Zc:forScope /Fo"x64\Debug\\" /Fd"x64\Debug\vc100.pdb" /Gd /TP /errorReport:prompt dllmain.cpp
         dllmain.cpp
         C:\Program Files (x86)\Microsoft Visual Studio 10.0\VC\bin\x86_amd64\CL.exe /c /Zi /nologo /W3 /WX- /Od /D WIN32 /D _DEBUG /D _WINDOWS /D _USRDLL /D MYPROCESS_EXPORTS /D _WINDLL /D _UNICODE /D UNICODE /Gm /EHsc /RTC1 /MDd /GS /fp:precise /Zc:wchar_t /Zc:forScope /Yu"StdAfx.h" /Fp"x64\Debug\myprocess.pch" /Fo"x64\Debug\\" /Fd"x64\Debug\vc100.pdb" /Gd /TP /errorReport:prompt myprocess.cpp
         myprocess.cpp
     1>myprocess.cpp(404): warning C4267: “return”: 从“size_t”转换到“int”，可能丢失数据
     1>myprocess.cpp(1223): warning C4267: “初始化”: 从“size_t”转换到“int”，可能丢失数据
       ManifestResourceCompile:
         C:\Program Files (x86)\Microsoft SDKs\Windows\v7.0A\bin\rc.exe /nologo /fo"x64\Debug\myprocess.dll.embed.manifest.res" x64\Debug\myprocess_manifest.rc 
       Link:
         C:\Program Files (x86)\Microsoft Visual Studio 10.0\VC\bin\x86_amd64\link.exe /ERRORREPORT:PROMPT /OUT:"../chipDetection\bin\x64\Debug\myprocess.dll" /INCREMENTAL /NOLOGO halconc.lib opencv_ts300d.lib opencv_world300d.lib kernel32.lib user32.lib gdi32.lib winspool.lib comdlg32.lib advapi32.lib shell32.lib ole32.lib oleaut32.lib uuid.lib odbc32.lib odbccp32.lib /MANIFEST /ManifestFile:"x64\Debug\myprocess.dll.intermediate.manifest" /MANIFESTUAC:"level='asInvoker' uiAccess='false'" /DEBUG /PDB:"F:\条形码\V1\vision\chipDetection\bin\x64\Debug\myprocess.pdb" /SUBSYSTEM:WINDOWS /TLBID:1 /DYNAMICBASE /NXCOMPAT /IMPLIB:"../chipDetection\bin\x64\Debug\myprocess.lib" /MACHINE:X64 /DLL x64\Debug\myprocess.dll.embed.manifest.res
         x64\Debug\dllmain.obj
         x64\Debug\myprocess.obj
         x64\Debug\stdafx.obj
            正在创建库 ../chipDetection\bin\x64\Debug\myprocess.lib 和对象 ../chipDetection\bin\x64\Debug\myprocess.exp
         myprocess.vcxproj -> F:\条形码\V1\vision\myprocess\../chipDetection\bin\x64\Debug\myprocess.dll
       Manifest:
         正在删除文件“x64\Debug\myprocess.dll.embed.manifest”。
         C:\Program Files (x86)\Microsoft SDKs\Windows\v7.0A\bin\mt.exe /nologo /verbose /out:"x64\Debug\myprocess.dll.embed.manifest" /manifest x64\Debug\myprocess.dll.intermediate.manifest
         C:\Program Files (x86)\Microsoft SDKs\Windows\v7.0A\bin\rc.exe /nologo /fo"x64\Debug\myprocess.dll.embed.manifest.res" x64\Debug\myprocess_manifest.rc 
       LinkEmbedManifest:
         C:\Program Files (x86)\Microsoft Visual Studio 10.0\VC\bin\x86_amd64\link.exe /ERRORREPORT:PROMPT /OUT:"../chipDetection\bin\x64\Debug\myprocess.dll" /INCREMENTAL /NOLOGO halconc.lib opencv_ts300d.lib opencv_world300d.lib kernel32.lib user32.lib gdi32.lib winspool.lib comdlg32.lib advapi32.lib shell32.lib ole32.lib oleaut32.lib uuid.lib odbc32.lib odbccp32.lib /MANIFEST /ManifestFile:"x64\Debug\myprocess.dll.intermediate.manifest" /MANIFESTUAC:"level='asInvoker' uiAccess='false'" /DEBUG /PDB:"F:\条形码\V1\vision\chipDetection\bin\x64\Debug\myprocess.pdb" /SUBSYSTEM:WINDOWS /TLBID:1 /DYNAMICBASE /NXCOMPAT /IMPLIB:"../chipDetection\bin\x64\Debug\myprocess.lib" /MACHINE:X64 /DLL x64\Debug\myprocess.dll.embed.manifest.res
         x64\Debug\dllmain.obj
         x64\Debug\myprocess.obj
         x64\Debug\stdafx.obj
            正在创建库 ../chipDetection\bin\x64\Debug\myprocess.lib 和对象 ../chipDetection\bin\x64\Debug\myprocess.exp
         myprocess.vcxproj -> F:\条形码\V1\vision\myprocess\../chipDetection\bin\x64\Debug\myprocess.dll
       FinalizeBuildStatus:
         正在删除文件“x64\Debug\myprocess.unsuccessfulbuild”。
         正在对“x64\Debug\myprocess.lastbuildstate”执行 Touch 任务。
     1>已完成生成项目“F:\条形码\V1\vision\myprocess\myprocess.vcxproj”(rebuild 个目标)的操作。

生成成功。

已用时间 00:00:02.29
